<?xml version="1.0" encoding="UTF-8"?>
<!-- Generated by org.testng.reporters.JUnitReportReporter -->
<testsuite hostname="CTLINLP-2041" name="testScripts.HMSCreatePatient" tests="1" failures="0" timestamp="19 Sep 2019 05:18:00 GMT" time="12.887" errors="0">
  <testcase name="f" time="12.887" classname="testScripts.HMSCreatePatient"/>
</testsuite> <!-- testScripts.HMSCreatePatient -->
