<?xml version="1.0" encoding="UTF-8"?>
<!-- Generated by org.testng.reporters.JUnitReportReporter -->
<testsuite hostname="Chinnu" name="testscripts.HMScreatepatient" tests="1" failures="0" timestamp="20 Sep 2019 14:47:30 GMT" time="10.996" errors="0">
  <testcase name="f" time="10.996" classname="testscripts.HMScreatepatient"/>
</testsuite> <!-- testscripts.HMScreatepatient -->
