<?xml version="1.0" encoding="UTF-8"?>
<!-- Generated by org.testng.reporters.JUnitReportReporter -->
<testsuite hostname="Chinnu" name="Webdriver.NewTest" tests="1" failures="0" timestamp="18 Sep 2019 13:29:40 GMT" time="6.282" errors="0">
  <testcase name="f" time="6.282" classname="Webdriver.NewTest"/>
</testsuite> <!-- Webdriver.NewTest -->
