<?xml version="1.0" encoding="UTF-8"?>
<!-- Generated by org.testng.reporters.JUnitReportReporter -->
<testsuite hostname="CTLINLP-2041" name="testScripts.HMSCreatePatient" tests="1" failures="0" timestamp="24 Sep 2019 04:44:13 GMT" time="11.555" errors="0">
  <testcase name="f" time="11.555" classname="testScripts.HMSCreatePatient"/>
</testsuite> <!-- testScripts.HMSCreatePatient -->
